[2024-11-09 20:55:47,380]-<BOT STARTING WORK> ::log_cfg.def_log: start_log - ÀÓ„ INFO
[2024-11-09 20:55:47,380]-<BOT STARTING WORK> ::log_cfg.def_log: start_log - ÀÓ„ INFO
[2024-11-09 20:55:47,380]-<BOT STARTING WORK> ::log_cfg.def_log: user_new - ['Dlzxn', 321423432]
[2024-11-09 20:55:47,380]-<BOT STARTING WORK> ::log_cfg.def_log: user_new - ['Dlzxn', 321423432]
[2024-11-09 22:54:16,158]-<BOT STARTING WORK> ::log_cfg.def_log: start_log - ÀÓ„ INFO
[2024-11-09 22:54:16,158]-<BOT STARTING WORK> ::log_cfg.def_log: start_log - ÀÓ„ INFO
[2024-11-09 22:54:16,158]-<BOT STARTING WORK> ::log_cfg.def_log: start_log - ÀÓ„ INFO
[2024-11-09 22:54:16,158]-<BOT STARTING WORK> ::log_cfg.def_log: start_log - ÀÓ„ INFO
[2024-11-09 22:54:23,527]-<BOT STARTING WORK> ::log_cfg.def_log: start_log - ÀÓ„ INFO
[2024-11-09 22:54:23,527]-<BOT STARTING WORK> ::log_cfg.def_log: start_log - ÀÓ„ INFO
[2024-11-09 22:54:23,528]-<BOT STARTING WORK> ::log_cfg.def_log: start_log - ÀÓ„ INFO
[2024-11-09 22:54:23,528]-<BOT STARTING WORK> ::log_cfg.def_log: start_log - ÀÓ„ INFO
[2024-11-09 22:54:37,177]-<BOT STARTING WORK> ::log_cfg.def_log: start_log - ÀÓ„ INFO
[2024-11-09 22:54:37,177]-<BOT STARTING WORK> ::log_cfg.def_log: start_log - ÀÓ„ INFO
[2024-11-09 22:54:37,178]-<BOT STARTING WORK> ::log_cfg.def_log: start_log - ÀÓ„ INFO
[2024-11-09 22:54:37,178]-<BOT STARTING WORK> ::log_cfg.def_log: start_log - ÀÓ„ INFO
[2024-11-09 22:55:03,106]-<BOT STARTING WORK> ::log_cfg.def_log: start_log - ÀÓ„ INFO
[2024-11-09 22:55:03,106]-<BOT STARTING WORK> ::log_cfg.def_log: start_log - ÀÓ„ INFO
[2024-11-09 22:55:03,108]-<BOT STARTING WORK> ::log_cfg.def_log: start_log - ÀÓ„ INFO
[2024-11-09 22:55:03,108]-<BOT STARTING WORK> ::log_cfg.def_log: start_log - ÀÓ„ INFO
[2024-11-09 22:55:07,865]-<BOT STARTING WORK> ::log_cfg.def_log: start_log - ÀÓ„ INFO
[2024-11-09 22:55:07,865]-<BOT STARTING WORK> ::log_cfg.def_log: start_log - ÀÓ„ INFO
[2024-11-10 11:05:02,945]-<BOT STARTING WORK> ::log_cfg.def_log: start_log - ÀÓ„ INFO
[2024-11-10 11:05:02,945]-<BOT STARTING WORK> ::log_cfg.def_log: start_log - ÀÓ„ INFO
[2024-11-10 11:05:02,947]-<BOT STARTING WORK> ::log_cfg.def_log: user_new - ['Dlzxn', 321423432]
[2024-11-10 11:05:02,947]-<BOT STARTING WORK> ::log_cfg.def_log: user_new - ['Dlzxn', 321423432]
[2024-11-10 11:05:18,704]-<BOT STARTING WORK> ::log_cfg.def_log: start_log - ÀÓ„ INFO
[2024-11-10 11:05:18,704]-<BOT STARTING WORK> ::log_cfg.def_log: start_log - ÀÓ„ INFO
[2024-11-10 11:05:18,704]-<BOT STARTING WORK> ::log_cfg.def_log: user_new - ['Dlzxn', 321423432]
[2024-11-10 11:05:18,704]-<BOT STARTING WORK> ::log_cfg.def_log: user_new - ['Dlzxn', 321423432]
[2024-11-10 11:05:49,120]-<BOT STARTING WORK> ::log_cfg.def_log: start_log - ÀÓ„ INFO
[2024-11-10 11:05:49,120]-<BOT STARTING WORK> ::log_cfg.def_log: start_log - ÀÓ„ INFO
[2024-11-10 11:05:49,120]-<BOT STARTING WORK> ::log_cfg.def_log: user_new - ['Dlzxn', 321423432]
[2024-11-10 11:05:49,120]-<BOT STARTING WORK> ::log_cfg.def_log: user_new - ['Dlzxn', 321423432]
[2024-11-10 11:05:50,011]-<BOT STARTING WORK> ::log_cfg.def_log: start_log - ÀÓ„ INFO
[2024-11-10 11:05:50,011]-<BOT STARTING WORK> ::log_cfg.def_log: start_log - ÀÓ„ INFO
[2024-11-10 11:05:50,019]-<BOT STARTING WORK> ::log_cfg.def_log: start_log - ÀÓ„ INFO
[2024-11-10 11:05:50,019]-<BOT STARTING WORK> ::log_cfg.def_log: start_log - ÀÓ„ INFO
[2024-11-10 11:07:20,939]-<BOT STARTING WORK> ::log_cfg.def_log: start_log - ÀÓ„ INFO
[2024-11-10 11:07:20,939]-<BOT STARTING WORK> ::log_cfg.def_log: start_log - ÀÓ„ INFO
[2024-11-10 11:07:20,939]-<BOT STARTING WORK> ::log_cfg.def_log: user_new - ['Dlzxn', 321423432]
[2024-11-10 11:07:20,939]-<BOT STARTING WORK> ::log_cfg.def_log: user_new - ['Dlzxn', 321423432]
[2024-11-10 11:07:32,121]-<BOT STARTING WORK> ::log_cfg.def_log: start_log - ÀÓ„ INFO
[2024-11-10 11:07:32,121]-<BOT STARTING WORK> ::log_cfg.def_log: start_log - ÀÓ„ INFO
[2024-11-10 11:07:32,121]-<BOT STARTING WORK> ::log_cfg.def_log: start_log - ÀÓ„ INFO
[2024-11-10 11:07:32,121]-<BOT STARTING WORK> ::log_cfg.def_log: start_log - ÀÓ„ INFO
[2024-11-10 11:08:05,531]-<BOT STARTING WORK> ::log_cfg.def_log: start_log - ÀÓ„ INFO
[2024-11-10 11:08:05,531]-<BOT STARTING WORK> ::log_cfg.def_log: start_log - ÀÓ„ INFO
[2024-11-10 11:08:05,531]-<BOT STARTING WORK> ::log_cfg.def_log: user_new - ['Dlzxn', 321423432]
[2024-11-10 11:08:05,531]-<BOT STARTING WORK> ::log_cfg.def_log: user_new - ['Dlzxn', 321423432]
[2024-11-10 11:08:31,806]-<BOT STARTING WORK> ::log_cfg.def_log: start_log - ÀÓ„ INFO
[2024-11-10 11:08:31,806]-<BOT STARTING WORK> ::log_cfg.def_log: start_log - ÀÓ„ INFO
[2024-11-10 11:08:31,807]-<BOT STARTING WORK> ::log_cfg.def_log: user_new - ['Dlzxn', 321423432]
[2024-11-10 11:08:31,807]-<BOT STARTING WORK> ::log_cfg.def_log: user_new - ['Dlzxn', 321423432]
[2024-11-10 11:08:57,824]-<BOT STARTING WORK> ::log_cfg.def_log: start_log - ÀÓ„ INFO
[2024-11-10 11:08:57,824]-<BOT STARTING WORK> ::log_cfg.def_log: start_log - ÀÓ„ INFO
[2024-11-10 11:08:57,825]-<BOT STARTING WORK> ::log_cfg.def_log: user_new - ['Dlzxn', 321423432]
[2024-11-10 11:08:57,825]-<BOT STARTING WORK> ::log_cfg.def_log: user_new - ['Dlzxn', 321423432]
[2024-11-10 11:09:02,775]-<BOT STARTING WORK> ::log_cfg.def_log: start_log - ÀÓ„ INFO
[2024-11-10 11:09:02,775]-<BOT STARTING WORK> ::log_cfg.def_log: start_log - ÀÓ„ INFO
[2024-11-10 11:09:02,775]-<BOT STARTING WORK> ::log_cfg.def_log: user_new - ['Dlzxn', 321423432]
[2024-11-10 11:09:02,775]-<BOT STARTING WORK> ::log_cfg.def_log: user_new - ['Dlzxn', 321423432]
[2024-11-10 11:10:53,387]-<BOT STARTING WORK> ::log_cfg.def_log: start_log - ÀÓ„ INFO
[2024-11-10 11:10:53,387]-<BOT STARTING WORK> ::log_cfg.def_log: start_log - ÀÓ„ INFO
[2024-11-10 11:10:53,387]-<BOT STARTING WORK> ::log_cfg.def_log: user_new - ['Dlzxn', 321423432]
[2024-11-10 11:10:53,387]-<BOT STARTING WORK> ::log_cfg.def_log: user_new - ['Dlzxn', 321423432]
[2024-11-10 14:35:10,398]-<BOT STARTING WORK> ::log_cfg.def_log: start_log - ÀÓ„ INFO
[2024-11-10 14:35:10,398]-<BOT STARTING WORK> ::log_cfg.def_log: start_log - ÀÓ„ INFO
[2024-11-10 14:35:10,399]-<BOT STARTING WORK> ::log_cfg.def_log: user_new - ['Dlzxn', 321423432]
[2024-11-10 14:35:10,399]-<BOT STARTING WORK> ::log_cfg.def_log: user_new - ['Dlzxn', 321423432]
[2024-11-10 14:36:52,730]-<BOT STARTING WORK> ::log_cfg.def_log: start_log - ÀÓ„ INFO
[2024-11-10 14:36:52,730]-<BOT STARTING WORK> ::log_cfg.def_log: start_log - ÀÓ„ INFO
[2024-11-10 14:36:52,731]-<BOT STARTING WORK> ::log_cfg.def_log: user_new - ['Dlzxn', 321423432]
[2024-11-10 14:36:52,731]-<BOT STARTING WORK> ::log_cfg.def_log: user_new - ['Dlzxn', 321423432]
[2024-11-10 14:40:26,925]-<BOT STARTING WORK> ::log_cfg.def_log: start_log - ÀÓ„ INFO
[2024-11-10 14:40:26,925]-<BOT STARTING WORK> ::log_cfg.def_log: start_log - ÀÓ„ INFO
[2024-11-10 14:40:26,925]-<BOT STARTING WORK> ::log_cfg.def_log: user_new - ['Dlzxn', 321423432]
[2024-11-10 14:40:26,925]-<BOT STARTING WORK> ::log_cfg.def_log: user_new - ['Dlzxn', 321423432]
[2024-11-10 20:19:08,026]-<BOT STARTING WORK> ::log_cfg.def_log: start_log - ÀÓ„ INFO
[2024-11-10 20:19:08,026]-<BOT STARTING WORK> ::log_cfg.def_log: start_log - ÀÓ„ INFO
[2024-11-10 20:19:08,027]-<BOT STARTING WORK> ::log_cfg.def_log: user_new - ['Dlzxn', 321423432]
[2024-11-10 20:19:08,027]-<BOT STARTING WORK> ::log_cfg.def_log: user_new - ['Dlzxn', 321423432]
[2024-11-10 20:19:08,814]-<BOT STARTING WORK> ::log_cfg.def_log: start_log - ÀÓ„ INFO
[2024-11-10 20:19:08,814]-<BOT STARTING WORK> ::log_cfg.def_log: start_log - ÀÓ„ INFO
[2024-11-10 20:19:08,822]-<BOT STARTING WORK> ::log_cfg.def_log: start_log - ÀÓ„ INFO
[2024-11-10 20:19:08,822]-<BOT STARTING WORK> ::log_cfg.def_log: start_log - ÀÓ„ INFO
[2024-11-10 20:19:08,824]-<BOT STARTING WORK> ::log_cfg.def_log: start_log - ÀÓ„ INFO
[2024-11-10 20:19:08,824]-<BOT STARTING WORK> ::log_cfg.def_log: start_log - ÀÓ„ INFO
[2024-11-10 20:19:08,825]-<BOT STARTING WORK> ::log_cfg.def_log: start_log - ÀÓ„ INFO
[2024-11-10 20:19:08,825]-<BOT STARTING WORK> ::log_cfg.def_log: start_log - ÀÓ„ INFO
[2024-11-10 20:19:08,826]-<BOT STARTING WORK> ::log_cfg.def_log: start_log - ÀÓ„ INFO
[2024-11-10 20:19:08,826]-<BOT STARTING WORK> ::log_cfg.def_log: start_log - ÀÓ„ INFO
[2024-11-10 20:19:08,827]-<BOT STARTING WORK> ::log_cfg.def_log: start_log - ÀÓ„ INFO
[2024-11-10 20:19:08,827]-<BOT STARTING WORK> ::log_cfg.def_log: start_log - ÀÓ„ INFO
[2024-11-10 20:19:24,041]-<BOT STARTING WORK> ::log_cfg.def_log: start_log - ÀÓ„ INFO
[2024-11-10 20:19:24,041]-<BOT STARTING WORK> ::log_cfg.def_log: start_log - ÀÓ„ INFO
[2024-11-12 21:09:41,353]-<BOT STARTING WORK> ::log_cfg.def_log: start_log - log INFO
[2024-11-12 21:09:41,353]-<BOT STARTING WORK> ::log_cfg.def_log: start_log - log INFO
[2024-11-12 21:09:41,404]-<BOT STARTING WORK> ::log_cfg.def_log: user_new - ['Dlzxn', 321423432]
[2024-11-12 21:09:41,404]-<BOT STARTING WORK> ::log_cfg.def_log: user_new - ['Dlzxn', 321423432]
[2024-11-12 21:12:58,490]-<BOT STARTING WORK> ::log_cfg.def_log: start_log - log INFO
[2024-11-12 21:12:58,490]-<BOT STARTING WORK> ::log_cfg.def_log: start_log - log INFO
[2024-11-12 21:12:58,490]-<BOT STARTING WORK> ::log_cfg.def_log: user_new - ['Dlzxn', 321423432]
[2024-11-12 21:12:58,490]-<BOT STARTING WORK> ::log_cfg.def_log: user_new - ['Dlzxn', 321423432]
[2024-11-12 21:13:26,695]-<BOT STARTING WORK> ::log_cfg.def_log: start_log - log INFO
[2024-11-12 21:13:26,695]-<BOT STARTING WORK> ::log_cfg.def_log: start_log - log INFO
[2024-11-12 21:13:26,704]-<BOT STARTING WORK> ::log_cfg.def_log: start_log - log INFO
[2024-11-12 21:13:26,704]-<BOT STARTING WORK> ::log_cfg.def_log: start_log - log INFO
[2024-11-12 21:13:36,518]-<BOT STARTING WORK> ::log_cfg.def_log: start_log - log INFO
[2024-11-12 21:13:36,518]-<BOT STARTING WORK> ::log_cfg.def_log: start_log - log INFO
[2024-11-12 21:13:38,242]-<BOT STARTING WORK> ::log_cfg.def_log: start_log - log INFO
[2024-11-12 21:13:38,242]-<BOT STARTING WORK> ::log_cfg.def_log: start_log - log INFO
[2024-11-12 21:13:38,243]-<BOT STARTING WORK> ::log_cfg.def_log: start_log - log INFO
[2024-11-12 21:13:38,243]-<BOT STARTING WORK> ::log_cfg.def_log: start_log - log INFO
[2024-11-12 21:13:43,731]-<BOT STARTING WORK> ::log_cfg.def_log: start_log - log INFO
[2024-11-12 21:13:43,731]-<BOT STARTING WORK> ::log_cfg.def_log: start_log - log INFO
[2024-11-12 21:13:43,732]-<BOT STARTING WORK> ::log_cfg.def_log: start_log - log INFO
[2024-11-12 21:13:43,732]-<BOT STARTING WORK> ::log_cfg.def_log: start_log - log INFO
[2024-11-12 21:13:56,720]-<BOT STARTING WORK> ::log_cfg.def_log: start_log - log INFO
[2024-11-12 21:13:56,720]-<BOT STARTING WORK> ::log_cfg.def_log: start_log - log INFO
[2024-11-12 21:13:56,721]-<BOT STARTING WORK> ::log_cfg.def_log: start_log - log INFO
[2024-11-12 21:13:56,721]-<BOT STARTING WORK> ::log_cfg.def_log: start_log - log INFO
[2024-11-12 21:14:02,864]-<BOT STARTING WORK> ::log_cfg.def_log: start_log - log INFO
[2024-11-12 21:14:02,864]-<BOT STARTING WORK> ::log_cfg.def_log: start_log - log INFO
[2024-11-12 21:14:02,865]-<BOT STARTING WORK> ::log_cfg.def_log: start_log - log INFO
[2024-11-12 21:14:02,865]-<BOT STARTING WORK> ::log_cfg.def_log: start_log - log INFO
[2024-11-12 21:14:08,008]-<BOT STARTING WORK> ::log_cfg.def_log: start_log - log INFO
[2024-11-12 21:14:08,008]-<BOT STARTING WORK> ::log_cfg.def_log: start_log - log INFO
[2024-11-12 21:14:08,009]-<BOT STARTING WORK> ::log_cfg.def_log: start_log - log INFO
[2024-11-12 21:14:08,009]-<BOT STARTING WORK> ::log_cfg.def_log: start_log - log INFO
[2024-11-12 21:14:10,027]-<BOT STARTING WORK> ::log_cfg.def_log: start_log - log INFO
[2024-11-12 21:14:10,027]-<BOT STARTING WORK> ::log_cfg.def_log: start_log - log INFO
[2024-11-12 21:14:10,028]-<BOT STARTING WORK> ::log_cfg.def_log: start_log - log INFO
[2024-11-12 21:14:10,028]-<BOT STARTING WORK> ::log_cfg.def_log: start_log - log INFO
[2024-11-12 21:14:46,994]-<BOT STARTING WORK> ::log_cfg.def_log: start_log - log INFO
[2024-11-12 21:14:46,994]-<BOT STARTING WORK> ::log_cfg.def_log: start_log - log INFO
[2024-11-12 21:14:46,994]-<BOT STARTING WORK> ::log_cfg.def_log: user_new - ['Dlzxn', 321423432]
[2024-11-12 21:14:46,994]-<BOT STARTING WORK> ::log_cfg.def_log: user_new - ['Dlzxn', 321423432]
[2024-11-12 21:27:49,711]-<BOT STARTING WORK> ::log_cfg.def_log: start_log - log INFO
[2024-11-12 21:27:49,711]-<BOT STARTING WORK> ::log_cfg.def_log: start_log - log INFO
[2024-11-12 21:27:49,712]-<BOT STARTING WORK> ::log_cfg.def_log: user_new - ['Dlzxn', 321423432]
[2024-11-12 21:27:49,712]-<BOT STARTING WORK> ::log_cfg.def_log: user_new - ['Dlzxn', 321423432]
[2024-11-12 21:34:58,183]-<BOT STARTING WORK> ::log_cfg.def_log: start_log - log INFO
[2024-11-12 21:34:58,183]-<BOT STARTING WORK> ::log_cfg.def_log: start_log - log INFO
[2024-11-12 21:34:58,183]-<BOT STARTING WORK> ::log_cfg.def_log: user_new - ['Dlzxn', 321423432]
[2024-11-12 21:34:58,183]-<BOT STARTING WORK> ::log_cfg.def_log: user_new - ['Dlzxn', 321423432]
[2024-11-12 21:35:03,744]-<BOT STARTING WORK> ::log_cfg.def_log: start_log - log INFO
[2024-11-12 21:35:03,744]-<BOT STARTING WORK> ::log_cfg.def_log: start_log - log INFO
[2024-11-12 21:35:03,746]-<BOT STARTING WORK> ::log_cfg.def_log: start_log - log INFO
[2024-11-12 21:35:03,746]-<BOT STARTING WORK> ::log_cfg.def_log: start_log - log INFO
[2024-11-12 21:35:07,843]-<BOT STARTING WORK> ::log_cfg.def_log: start_log - log INFO
[2024-11-12 21:35:07,843]-<BOT STARTING WORK> ::log_cfg.def_log: start_log - log INFO
[2024-11-12 21:35:07,844]-<BOT STARTING WORK> ::log_cfg.def_log: start_log - log INFO
[2024-11-12 21:35:07,844]-<BOT STARTING WORK> ::log_cfg.def_log: start_log - log INFO
[2024-11-12 21:35:53,889]-<BOT STARTING WORK> ::log_cfg.def_log: start_log - log INFO
[2024-11-12 21:35:53,889]-<BOT STARTING WORK> ::log_cfg.def_log: start_log - log INFO
[2024-11-12 21:35:53,891]-<BOT STARTING WORK> ::log_cfg.def_log: start_log - log INFO
[2024-11-12 21:35:53,891]-<BOT STARTING WORK> ::log_cfg.def_log: start_log - log INFO
[2024-11-12 21:35:57,191]-<BOT STARTING WORK> ::log_cfg.def_log: start_log - log INFO
[2024-11-12 21:35:57,191]-<BOT STARTING WORK> ::log_cfg.def_log: start_log - log INFO
[2024-11-12 21:56:20,541]-<BOT STARTING WORK> ::log_cfg.def_log: start_log - log INFO
[2024-11-12 21:56:20,541]-<BOT STARTING WORK> ::log_cfg.def_log: start_log - log INFO
[2024-11-12 21:56:20,541]-<BOT STARTING WORK> ::log_cfg.def_log: user_new - ['Dlzxn', 321423432]
[2024-11-12 21:56:20,541]-<BOT STARTING WORK> ::log_cfg.def_log: user_new - ['Dlzxn', 321423432]
[2024-11-12 21:56:21,202]-<BOT STARTING WORK> ::log_cfg.def_log: start_log - log INFO
[2024-11-12 21:56:21,202]-<BOT STARTING WORK> ::log_cfg.def_log: start_log - log INFO
[2024-11-12 21:56:21,203]-<BOT STARTING WORK> ::log_cfg.def_log: start_log - log INFO
[2024-11-12 21:56:21,203]-<BOT STARTING WORK> ::log_cfg.def_log: start_log - log INFO
[2024-11-12 21:56:21,205]-<BOT STARTING WORK> ::log_cfg.def_log: start_log - log INFO
[2024-11-12 21:56:21,205]-<BOT STARTING WORK> ::log_cfg.def_log: start_log - log INFO
[2024-11-12 21:56:21,206]-<BOT STARTING WORK> ::log_cfg.def_log: start_log - log INFO
[2024-11-12 21:56:21,206]-<BOT STARTING WORK> ::log_cfg.def_log: start_log - log INFO
[2024-11-12 21:56:21,207]-<BOT STARTING WORK> ::log_cfg.def_log: start_log - log INFO
[2024-11-12 21:56:21,207]-<BOT STARTING WORK> ::log_cfg.def_log: start_log - log INFO
[2024-11-12 21:56:21,208]-<BOT STARTING WORK> ::log_cfg.def_log: start_log - log INFO
[2024-11-12 21:56:21,208]-<BOT STARTING WORK> ::log_cfg.def_log: start_log - log INFO
[2024-11-12 21:56:21,209]-<BOT STARTING WORK> ::log_cfg.def_log: start_log - log INFO
[2024-11-12 21:56:21,209]-<BOT STARTING WORK> ::log_cfg.def_log: start_log - log INFO
[2024-11-12 21:56:21,210]-<BOT STARTING WORK> ::log_cfg.def_log: start_log - log INFO
[2024-11-12 21:56:21,210]-<BOT STARTING WORK> ::log_cfg.def_log: start_log - log INFO
[2024-11-12 21:56:21,211]-<BOT STARTING WORK> ::log_cfg.def_log: start_log - log INFO
[2024-11-12 21:56:21,211]-<BOT STARTING WORK> ::log_cfg.def_log: start_log - log INFO
[2024-11-12 21:56:21,212]-<BOT STARTING WORK> ::log_cfg.def_log: start_log - log INFO
[2024-11-12 21:56:21,212]-<BOT STARTING WORK> ::log_cfg.def_log: start_log - log INFO
[2024-11-12 21:56:21,214]-<BOT STARTING WORK> ::log_cfg.def_log: start_log - log INFO
[2024-11-12 21:56:21,214]-<BOT STARTING WORK> ::log_cfg.def_log: start_log - log INFO
[2024-11-12 21:56:21,215]-<BOT STARTING WORK> ::log_cfg.def_log: start_log - log INFO
[2024-11-12 21:56:21,215]-<BOT STARTING WORK> ::log_cfg.def_log: start_log - log INFO
[2024-11-12 21:56:27,532]-<BOT STARTING WORK> ::log_cfg.def_log: start_log - log INFO
[2024-11-12 21:56:27,532]-<BOT STARTING WORK> ::log_cfg.def_log: start_log - log INFO
[2024-11-12 22:58:44,446]-<BOT STARTING WORK> ::log_cfg.def_log: start_log - log INFO
[2024-11-12 22:58:44,446]-<BOT STARTING WORK> ::log_cfg.def_log: start_log - log INFO
[2024-11-12 22:58:44,446]-<BOT STARTING WORK> ::log_cfg.def_log: user_new - ['Dlzxn', 321423432]
[2024-11-12 22:58:44,446]-<BOT STARTING WORK> ::log_cfg.def_log: user_new - ['Dlzxn', 321423432]
[2024-11-12 22:58:48,659]-<BOT STARTING WORK> ::log_cfg.def_log: start_log - log INFO
[2024-11-12 22:58:48,659]-<BOT STARTING WORK> ::log_cfg.def_log: start_log - log INFO
[2024-11-12 22:58:48,660]-<BOT STARTING WORK> ::log_cfg.def_log: start_log - log INFO
[2024-11-12 22:58:48,660]-<BOT STARTING WORK> ::log_cfg.def_log: start_log - log INFO
[2024-11-12 22:59:09,318]-<BOT STARTING WORK> ::log_cfg.def_log: start_log - log INFO
[2024-11-12 22:59:09,318]-<BOT STARTING WORK> ::log_cfg.def_log: start_log - log INFO
[2024-11-12 22:59:09,320]-<BOT STARTING WORK> ::log_cfg.def_log: start_log - log INFO
[2024-11-12 22:59:09,320]-<BOT STARTING WORK> ::log_cfg.def_log: start_log - log INFO
[2024-11-12 22:59:09,329]-<BOT STARTING WORK> ::log_cfg.def_log: user_new - ['Luni', 7031632607]
[2024-11-12 22:59:09,329]-<BOT STARTING WORK> ::log_cfg.def_log: user_new - ['Luni', 7031632607]
[2024-11-12 22:59:09,331]-<BOT STARTING WORK> ::log_cfg.def_log: start_log - log INFO
[2024-11-12 22:59:09,331]-<BOT STARTING WORK> ::log_cfg.def_log: start_log - log INFO
[2024-11-12 22:59:09,969]-<BOT STARTING WORK> ::log_cfg.def_log: start_log - log INFO
[2024-11-12 22:59:09,969]-<BOT STARTING WORK> ::log_cfg.def_log: start_log - log INFO
[2024-11-12 22:59:09,980]-<BOT STARTING WORK> ::log_cfg.def_log: start_log - log INFO
[2024-11-12 22:59:09,980]-<BOT STARTING WORK> ::log_cfg.def_log: start_log - log INFO
[2024-11-12 22:59:31,453]-<BOT STARTING WORK> ::log_cfg.def_log: start_log - log INFO
[2024-11-12 22:59:31,453]-<BOT STARTING WORK> ::log_cfg.def_log: start_log - log INFO
[2024-11-12 22:59:34,034]-<BOT STARTING WORK> ::log_cfg.def_log: start_log - log INFO
[2024-11-12 22:59:34,034]-<BOT STARTING WORK> ::log_cfg.def_log: start_log - log INFO
[2024-11-12 22:59:34,034]-<BOT STARTING WORK> ::log_cfg.def_log: start_log - log INFO
[2024-11-12 22:59:34,034]-<BOT STARTING WORK> ::log_cfg.def_log: start_log - log INFO
[2024-11-12 22:59:34,035]-<BOT STARTING WORK> ::log_cfg.def_log: start_log - log INFO
[2024-11-12 22:59:34,035]-<BOT STARTING WORK> ::log_cfg.def_log: start_log - log INFO
[2024-11-12 22:59:34,035]-<BOT STARTING WORK> ::log_cfg.def_log: start_log - log INFO
[2024-11-12 22:59:34,035]-<BOT STARTING WORK> ::log_cfg.def_log: start_log - log INFO
[2024-11-12 23:05:48,401]-<BOT STARTING WORK> ::log_cfg.def_log: start_log - log INFO
[2024-11-12 23:05:48,401]-<BOT STARTING WORK> ::log_cfg.def_log: start_log - log INFO
[2024-11-12 23:05:48,401]-<BOT STARTING WORK> ::log_cfg.def_log: user_new - ['Dlzxn', 321423432]
[2024-11-12 23:05:48,401]-<BOT STARTING WORK> ::log_cfg.def_log: user_new - ['Dlzxn', 321423432]
[2024-11-12 23:05:49,108]-<BOT STARTING WORK> ::log_cfg.def_log: start_log - log INFO
[2024-11-12 23:05:49,108]-<BOT STARTING WORK> ::log_cfg.def_log: start_log - log INFO
[2024-11-12 23:05:49,109]-<BOT STARTING WORK> ::log_cfg.def_log: start_log - log INFO
[2024-11-12 23:05:49,109]-<BOT STARTING WORK> ::log_cfg.def_log: start_log - log INFO
[2024-11-12 23:05:51,358]-<BOT STARTING WORK> ::log_cfg.def_log: start_log - log INFO
[2024-11-12 23:05:51,358]-<BOT STARTING WORK> ::log_cfg.def_log: start_log - log INFO
[2024-11-12 23:05:51,359]-<BOT STARTING WORK> ::log_cfg.def_log: start_log - log INFO
[2024-11-12 23:05:51,359]-<BOT STARTING WORK> ::log_cfg.def_log: start_log - log INFO
[2024-11-12 23:05:51,360]-<BOT STARTING WORK> ::log_cfg.def_log: start_log - log INFO
[2024-11-12 23:05:51,360]-<BOT STARTING WORK> ::log_cfg.def_log: start_log - log INFO
[2024-11-12 23:05:51,360]-<BOT STARTING WORK> ::log_cfg.def_log: start_log - log INFO
[2024-11-12 23:05:51,360]-<BOT STARTING WORK> ::log_cfg.def_log: start_log - log INFO
[2024-11-12 23:05:52,686]-<BOT STARTING WORK> ::log_cfg.def_log: start_log - log INFO
[2024-11-12 23:05:52,686]-<BOT STARTING WORK> ::log_cfg.def_log: start_log - log INFO
[2024-11-12 23:05:56,251]-<BOT STARTING WORK> ::log_cfg.def_log: start_log - log INFO
[2024-11-12 23:05:56,251]-<BOT STARTING WORK> ::log_cfg.def_log: start_log - log INFO
[2024-11-12 23:06:57,368]-<BOT STARTING WORK> ::log_cfg.def_log: start_log - log INFO
[2024-11-12 23:06:57,368]-<BOT STARTING WORK> ::log_cfg.def_log: start_log - log INFO
[2024-11-12 23:06:58,791]-<BOT STARTING WORK> ::log_cfg.def_log: start_log - log INFO
[2024-11-12 23:06:58,791]-<BOT STARTING WORK> ::log_cfg.def_log: start_log - log INFO
[2024-11-12 23:09:06,595]-<BOT STARTING WORK> ::log_cfg.def_log: start_log - log INFO
[2024-11-12 23:09:06,595]-<BOT STARTING WORK> ::log_cfg.def_log: start_log - log INFO
[2024-11-12 23:09:06,595]-<BOT STARTING WORK> ::log_cfg.def_log: user_new - ['Dlzxn', 321423432]
[2024-11-12 23:09:06,595]-<BOT STARTING WORK> ::log_cfg.def_log: user_new - ['Dlzxn', 321423432]
[2024-11-12 23:09:07,632]-<BOT STARTING WORK> ::log_cfg.def_log: start_log - log INFO
[2024-11-12 23:09:07,632]-<BOT STARTING WORK> ::log_cfg.def_log: start_log - log INFO
[2024-11-12 23:09:07,638]-<BOT STARTING WORK> ::log_cfg.def_log: start_log - log INFO
[2024-11-12 23:09:07,638]-<BOT STARTING WORK> ::log_cfg.def_log: start_log - log INFO
[2024-11-12 23:09:11,361]-<BOT STARTING WORK> ::log_cfg.def_log: start_log - log INFO
[2024-11-12 23:09:11,361]-<BOT STARTING WORK> ::log_cfg.def_log: start_log - log INFO
[2024-11-12 23:09:11,362]-<BOT STARTING WORK> ::log_cfg.def_log: start_log - log INFO
[2024-11-12 23:09:11,362]-<BOT STARTING WORK> ::log_cfg.def_log: start_log - log INFO
[2024-11-12 23:09:20,213]-<BOT STARTING WORK> ::log_cfg.def_log: start_log - log INFO
[2024-11-12 23:09:20,213]-<BOT STARTING WORK> ::log_cfg.def_log: start_log - log INFO
[2024-11-12 23:09:20,214]-<BOT STARTING WORK> ::log_cfg.def_log: start_log - log INFO
[2024-11-12 23:09:20,214]-<BOT STARTING WORK> ::log_cfg.def_log: start_log - log INFO
[2024-11-12 23:10:07,841]-<BOT STARTING WORK> ::log_cfg.def_log: start_log - log INFO
[2024-11-12 23:10:07,841]-<BOT STARTING WORK> ::log_cfg.def_log: start_log - log INFO
[2024-11-12 23:10:07,842]-<BOT STARTING WORK> ::log_cfg.def_log: user_new - ['Dlzxn', 321423432]
[2024-11-12 23:10:07,842]-<BOT STARTING WORK> ::log_cfg.def_log: user_new - ['Dlzxn', 321423432]
[2024-11-12 23:10:18,307]-<BOT STARTING WORK> ::log_cfg.def_log: start_log - log INFO
[2024-11-12 23:10:18,307]-<BOT STARTING WORK> ::log_cfg.def_log: start_log - log INFO
[2024-11-12 23:10:18,308]-<BOT STARTING WORK> ::log_cfg.def_log: start_log - log INFO
[2024-11-12 23:10:18,308]-<BOT STARTING WORK> ::log_cfg.def_log: start_log - log INFO
[2024-11-12 23:10:53,728]-<BOT STARTING WORK> ::log_cfg.def_log: start_log - log INFO
[2024-11-12 23:10:53,728]-<BOT STARTING WORK> ::log_cfg.def_log: start_log - log INFO
[2024-11-12 23:10:53,728]-<BOT STARTING WORK> ::log_cfg.def_log: user_new - ['Dlzxn', 321423432]
[2024-11-12 23:10:53,728]-<BOT STARTING WORK> ::log_cfg.def_log: user_new - ['Dlzxn', 321423432]
[2024-11-12 23:17:35,811]-<BOT STARTING WORK> ::log_cfg.def_log: start_log - log INFO
[2024-11-12 23:17:35,811]-<BOT STARTING WORK> ::log_cfg.def_log: start_log - log INFO
[2024-11-12 23:17:35,812]-<BOT STARTING WORK> ::log_cfg.def_log: user_new - ['Dlzxn', 321423432]
[2024-11-12 23:17:35,812]-<BOT STARTING WORK> ::log_cfg.def_log: user_new - ['Dlzxn', 321423432]
[2024-11-12 23:17:45,195]-<BOT STARTING WORK> ::log_cfg.def_log: start_log - log INFO
[2024-11-12 23:17:45,195]-<BOT STARTING WORK> ::log_cfg.def_log: start_log - log INFO
[2024-11-12 23:17:45,196]-<BOT STARTING WORK> ::log_cfg.def_log: user_new - ['Dlzxn', 321423432]
[2024-11-12 23:17:45,196]-<BOT STARTING WORK> ::log_cfg.def_log: user_new - ['Dlzxn', 321423432]
[2024-11-12 23:18:09,152]-<BOT STARTING WORK> ::log_cfg.def_log: start_log - log INFO
[2024-11-12 23:18:09,152]-<BOT STARTING WORK> ::log_cfg.def_log: start_log - log INFO
[2024-11-12 23:18:09,152]-<BOT STARTING WORK> ::log_cfg.def_log: user_new - ['Dlzxn', 321423432]
[2024-11-12 23:18:09,152]-<BOT STARTING WORK> ::log_cfg.def_log: user_new - ['Dlzxn', 321423432]
[2024-11-12 23:19:04,868]-<BOT STARTING WORK> ::log_cfg.def_log: start_log - log INFO
[2024-11-12 23:19:04,868]-<BOT STARTING WORK> ::log_cfg.def_log: start_log - log INFO
[2024-11-12 23:19:04,868]-<BOT STARTING WORK> ::log_cfg.def_log: user_new - ['Dlzxn', 321423432]
[2024-11-12 23:19:04,868]-<BOT STARTING WORK> ::log_cfg.def_log: user_new - ['Dlzxn', 321423432]
[2024-11-12 23:22:11,638]-<BOT STARTING WORK> ::log_cfg.def_log: start_log - log INFO
[2024-11-12 23:22:11,638]-<BOT STARTING WORK> ::log_cfg.def_log: start_log - log INFO
[2024-11-12 23:22:11,638]-<BOT STARTING WORK> ::log_cfg.def_log: user_new - ['Dlzxn', 321423432]
[2024-11-12 23:22:11,638]-<BOT STARTING WORK> ::log_cfg.def_log: user_new - ['Dlzxn', 321423432]
[2024-11-12 23:23:20,003]-<BOT STARTING WORK> ::log_cfg.def_log: start_log - log INFO
[2024-11-12 23:23:20,003]-<BOT STARTING WORK> ::log_cfg.def_log: start_log - log INFO
[2024-11-12 23:23:20,003]-<BOT STARTING WORK> ::log_cfg.def_log: user_new - ['Dlzxn', 321423432]
[2024-11-12 23:23:20,003]-<BOT STARTING WORK> ::log_cfg.def_log: user_new - ['Dlzxn', 321423432]
[2024-11-12 23:23:20,670]-<BOT STARTING WORK> ::log_cfg.def_log: start_log - log INFO
[2024-11-12 23:23:20,670]-<BOT STARTING WORK> ::log_cfg.def_log: start_log - log INFO
[2024-11-12 23:27:56,179]-<BOT STARTING WORK> ::log_cfg.def_log: start_log - log INFO
[2024-11-12 23:27:56,179]-<BOT STARTING WORK> ::log_cfg.def_log: start_log - log INFO
[2024-11-12 23:27:56,180]-<BOT STARTING WORK> ::log_cfg.def_log: user_new - ['Dlzxn', 321423432]
[2024-11-12 23:27:56,180]-<BOT STARTING WORK> ::log_cfg.def_log: user_new - ['Dlzxn', 321423432]
[2024-11-12 23:28:04,020]-<BOT STARTING WORK> ::log_cfg.def_log: start_log - log INFO
[2024-11-12 23:28:04,020]-<BOT STARTING WORK> ::log_cfg.def_log: start_log - log INFO
[2024-11-12 23:28:04,021]-<BOT STARTING WORK> ::log_cfg.def_log: start_log - log INFO
[2024-11-12 23:28:04,021]-<BOT STARTING WORK> ::log_cfg.def_log: start_log - log INFO
[2024-11-12 23:28:11,837]-<BOT STARTING WORK> ::log_cfg.def_log: start_log - log INFO
[2024-11-12 23:28:11,837]-<BOT STARTING WORK> ::log_cfg.def_log: start_log - log INFO
[2024-11-12 23:28:11,838]-<BOT STARTING WORK> ::log_cfg.def_log: start_log - log INFO
[2024-11-12 23:28:11,838]-<BOT STARTING WORK> ::log_cfg.def_log: start_log - log INFO
[2024-11-12 23:28:11,839]-<BOT STARTING WORK> ::log_cfg.def_log: start_log - log INFO
[2024-11-12 23:28:11,839]-<BOT STARTING WORK> ::log_cfg.def_log: start_log - log INFO
[2024-11-12 23:28:11,839]-<BOT STARTING WORK> ::log_cfg.def_log: start_log - log INFO
[2024-11-12 23:28:11,839]-<BOT STARTING WORK> ::log_cfg.def_log: start_log - log INFO
[2024-11-12 23:29:38,345]-<BOT STARTING WORK> ::log_cfg.def_log: start_log - log INFO
[2024-11-12 23:29:38,345]-<BOT STARTING WORK> ::log_cfg.def_log: start_log - log INFO
[2024-11-12 23:29:38,346]-<BOT STARTING WORK> ::log_cfg.def_log: user_new - ['Dlzxn', 321423432]
[2024-11-12 23:29:38,346]-<BOT STARTING WORK> ::log_cfg.def_log: user_new - ['Dlzxn', 321423432]
[2024-11-12 23:30:21,048]-<BOT STARTING WORK> ::log_cfg.def_log: start_log - log INFO
[2024-11-12 23:30:21,048]-<BOT STARTING WORK> ::log_cfg.def_log: start_log - log INFO
[2024-11-12 23:30:21,048]-<BOT STARTING WORK> ::log_cfg.def_log: user_new - ['Dlzxn', 321423432]
[2024-11-12 23:30:21,048]-<BOT STARTING WORK> ::log_cfg.def_log: user_new - ['Dlzxn', 321423432]
[2024-11-12 23:38:17,334]-<BOT STARTING WORK> ::log_cfg.def_log: start_log - log INFO
[2024-11-12 23:38:17,334]-<BOT STARTING WORK> ::log_cfg.def_log: start_log - log INFO
[2024-11-12 23:38:17,334]-<BOT STARTING WORK> ::log_cfg.def_log: user_new - ['Dlzxn', 321423432]
[2024-11-12 23:38:17,334]-<BOT STARTING WORK> ::log_cfg.def_log: user_new - ['Dlzxn', 321423432]
[2024-11-12 23:38:19,142]-<BOT STARTING WORK> ::log_cfg.def_log: start_log - log INFO
[2024-11-12 23:38:19,142]-<BOT STARTING WORK> ::log_cfg.def_log: start_log - log INFO
[2024-11-12 23:38:19,143]-<BOT STARTING WORK> ::log_cfg.def_log: start_log - log INFO
[2024-11-12 23:38:19,143]-<BOT STARTING WORK> ::log_cfg.def_log: start_log - log INFO
[2024-11-12 23:38:22,043]-<BOT STARTING WORK> ::log_cfg.def_log: start_log - log INFO
[2024-11-12 23:38:22,043]-<BOT STARTING WORK> ::log_cfg.def_log: start_log - log INFO
[2024-11-12 23:38:22,043]-<BOT STARTING WORK> ::log_cfg.def_log: start_log - log INFO
[2024-11-12 23:38:22,043]-<BOT STARTING WORK> ::log_cfg.def_log: start_log - log INFO
[2024-11-12 23:38:40,914]-<BOT STARTING WORK> ::log_cfg.def_log: start_log - log INFO
[2024-11-12 23:38:40,914]-<BOT STARTING WORK> ::log_cfg.def_log: start_log - log INFO
[2024-11-12 23:38:40,915]-<BOT STARTING WORK> ::log_cfg.def_log: start_log - log INFO
[2024-11-12 23:38:40,915]-<BOT STARTING WORK> ::log_cfg.def_log: start_log - log INFO
[2024-11-12 23:38:50,249]-<BOT STARTING WORK> ::log_cfg.def_log: start_log - log INFO
[2024-11-12 23:38:50,249]-<BOT STARTING WORK> ::log_cfg.def_log: start_log - log INFO
[2024-11-12 23:38:50,251]-<BOT STARTING WORK> ::log_cfg.def_log: start_log - log INFO
[2024-11-12 23:38:50,251]-<BOT STARTING WORK> ::log_cfg.def_log: start_log - log INFO
[2024-11-12 23:38:50,252]-<BOT STARTING WORK> ::log_cfg.def_log: start_log - log INFO
[2024-11-12 23:38:50,252]-<BOT STARTING WORK> ::log_cfg.def_log: start_log - log INFO
[2024-11-12 23:38:50,253]-<BOT STARTING WORK> ::log_cfg.def_log: start_log - log INFO
[2024-11-12 23:38:50,253]-<BOT STARTING WORK> ::log_cfg.def_log: start_log - log INFO
[2024-11-12 23:38:52,082]-<BOT STARTING WORK> ::log_cfg.def_log: start_log - log INFO
[2024-11-12 23:38:52,082]-<BOT STARTING WORK> ::log_cfg.def_log: start_log - log INFO
[2024-11-12 23:38:52,083]-<BOT STARTING WORK> ::log_cfg.def_log: start_log - log INFO
[2024-11-12 23:38:52,083]-<BOT STARTING WORK> ::log_cfg.def_log: start_log - log INFO
[2024-11-12 23:38:52,083]-<BOT STARTING WORK> ::log_cfg.def_log: start_log - log INFO
[2024-11-12 23:38:52,083]-<BOT STARTING WORK> ::log_cfg.def_log: start_log - log INFO
[2024-11-12 23:38:52,084]-<BOT STARTING WORK> ::log_cfg.def_log: start_log - log INFO
[2024-11-12 23:38:52,084]-<BOT STARTING WORK> ::log_cfg.def_log: start_log - log INFO
[2024-11-12 23:38:53,941]-<BOT STARTING WORK> ::log_cfg.def_log: start_log - log INFO
[2024-11-12 23:38:53,941]-<BOT STARTING WORK> ::log_cfg.def_log: start_log - log INFO
[2024-11-12 23:40:17,992]-<BOT STARTING WORK> ::log_cfg.def_log: start_log - log INFO
[2024-11-12 23:40:17,992]-<BOT STARTING WORK> ::log_cfg.def_log: start_log - log INFO
[2024-11-12 23:40:17,994]-<BOT STARTING WORK> ::log_cfg.def_log: start_log - log INFO
[2024-11-12 23:40:17,994]-<BOT STARTING WORK> ::log_cfg.def_log: start_log - log INFO
[2024-11-12 23:40:20,466]-<BOT STARTING WORK> ::log_cfg.def_log: start_log - log INFO
[2024-11-12 23:40:20,466]-<BOT STARTING WORK> ::log_cfg.def_log: start_log - log INFO
[2024-11-12 23:40:20,467]-<BOT STARTING WORK> ::log_cfg.def_log: start_log - log INFO
[2024-11-12 23:40:20,467]-<BOT STARTING WORK> ::log_cfg.def_log: start_log - log INFO
[2024-11-12 23:40:52,497]-<BOT STARTING WORK> ::log_cfg.def_log: start_log - log INFO
[2024-11-12 23:40:52,497]-<BOT STARTING WORK> ::log_cfg.def_log: start_log - log INFO
[2024-11-12 23:40:52,498]-<BOT STARTING WORK> ::log_cfg.def_log: user_new - ['Dlzxn', 321423432]
[2024-11-12 23:40:52,498]-<BOT STARTING WORK> ::log_cfg.def_log: user_new - ['Dlzxn', 321423432]
[2024-11-12 23:40:53,178]-<BOT STARTING WORK> ::log_cfg.def_log: start_log - log INFO
[2024-11-12 23:40:53,178]-<BOT STARTING WORK> ::log_cfg.def_log: start_log - log INFO
[2024-11-12 23:40:53,179]-<BOT STARTING WORK> ::log_cfg.def_log: start_log - log INFO
[2024-11-12 23:40:53,179]-<BOT STARTING WORK> ::log_cfg.def_log: start_log - log INFO
[2024-11-12 23:47:52,193]-<BOT STARTING WORK> ::log_cfg.def_log: start_log - log INFO
[2024-11-12 23:47:52,193]-<BOT STARTING WORK> ::log_cfg.def_log: start_log - log INFO
[2024-11-12 23:47:52,193]-<BOT STARTING WORK> ::log_cfg.def_log: user_new - ['Dlzxn', 321423432]
[2024-11-12 23:47:52,193]-<BOT STARTING WORK> ::log_cfg.def_log: user_new - ['Dlzxn', 321423432]
[2024-11-12 23:47:55,234]-<BOT STARTING WORK> ::log_cfg.def_log: start_log - log INFO
[2024-11-12 23:47:55,234]-<BOT STARTING WORK> ::log_cfg.def_log: start_log - log INFO
[2024-11-12 23:47:55,235]-<BOT STARTING WORK> ::log_cfg.def_log: start_log - log INFO
[2024-11-12 23:47:55,235]-<BOT STARTING WORK> ::log_cfg.def_log: start_log - log INFO
[2024-11-12 23:48:48,691]-<BOT STARTING WORK> ::log_cfg.def_log: start_log - log INFO
[2024-11-12 23:48:48,691]-<BOT STARTING WORK> ::log_cfg.def_log: start_log - log INFO
[2024-11-12 23:48:48,692]-<BOT STARTING WORK> ::log_cfg.def_log: user_new - ['Dlzxn', 321423432]
[2024-11-12 23:48:48,692]-<BOT STARTING WORK> ::log_cfg.def_log: user_new - ['Dlzxn', 321423432]
[2024-11-12 23:48:49,643]-<BOT STARTING WORK> ::log_cfg.def_log: start_log - log INFO
[2024-11-12 23:48:49,643]-<BOT STARTING WORK> ::log_cfg.def_log: start_log - log INFO
[2024-11-13 00:01:35,491]-<BOT STARTING WORK> ::log_cfg.def_log: start_log - log INFO
[2024-11-13 00:01:35,491]-<BOT STARTING WORK> ::log_cfg.def_log: start_log - log INFO
[2024-11-13 00:01:35,491]-<BOT STARTING WORK> ::log_cfg.def_log: user_new - ['Dlzxn', 321423432]
[2024-11-13 00:01:35,491]-<BOT STARTING WORK> ::log_cfg.def_log: user_new - ['Dlzxn', 321423432]
[2024-11-13 00:01:59,156]-<BOT STARTING WORK> ::log_cfg.def_log: start_log - log INFO
[2024-11-13 00:01:59,156]-<BOT STARTING WORK> ::log_cfg.def_log: start_log - log INFO
[2024-11-13 00:01:59,158]-<BOT STARTING WORK> ::log_cfg.def_log: start_log - log INFO
[2024-11-13 00:01:59,158]-<BOT STARTING WORK> ::log_cfg.def_log: start_log - log INFO
[2024-11-13 00:02:00,925]-<BOT STARTING WORK> ::log_cfg.def_log: start_log - log INFO
[2024-11-13 00:02:00,925]-<BOT STARTING WORK> ::log_cfg.def_log: start_log - log INFO
[2024-11-13 00:02:00,925]-<BOT STARTING WORK> ::log_cfg.def_log: start_log - log INFO
[2024-11-13 00:02:00,925]-<BOT STARTING WORK> ::log_cfg.def_log: start_log - log INFO
[2024-11-13 00:02:00,926]-<BOT STARTING WORK> ::log_cfg.def_log: start_log - log INFO
[2024-11-13 00:02:00,926]-<BOT STARTING WORK> ::log_cfg.def_log: start_log - log INFO
[2024-11-13 00:02:00,927]-<BOT STARTING WORK> ::log_cfg.def_log: start_log - log INFO
[2024-11-13 00:02:00,927]-<BOT STARTING WORK> ::log_cfg.def_log: start_log - log INFO
[2024-11-13 00:02:04,055]-<BOT STARTING WORK> ::log_cfg.def_log: start_log - log INFO
[2024-11-13 00:02:04,055]-<BOT STARTING WORK> ::log_cfg.def_log: start_log - log INFO
[2024-11-13 00:02:04,056]-<BOT STARTING WORK> ::log_cfg.def_log: start_log - log INFO
[2024-11-13 00:02:04,056]-<BOT STARTING WORK> ::log_cfg.def_log: start_log - log INFO
[2024-11-13 00:02:04,057]-<BOT STARTING WORK> ::log_cfg.def_log: start_log - log INFO
[2024-11-13 00:02:04,057]-<BOT STARTING WORK> ::log_cfg.def_log: start_log - log INFO
[2024-11-13 00:02:04,222]-<BOT STARTING WORK> ::log_cfg.def_log: start_log - log INFO
[2024-11-13 00:02:04,222]-<BOT STARTING WORK> ::log_cfg.def_log: start_log - log INFO
[2024-11-13 00:02:06,362]-<BOT STARTING WORK> ::log_cfg.def_log: start_log - log INFO
[2024-11-13 00:02:06,362]-<BOT STARTING WORK> ::log_cfg.def_log: start_log - log INFO
[2024-11-13 00:02:06,874]-<BOT STARTING WORK> ::log_cfg.def_log: start_log - log INFO
[2024-11-13 00:02:06,874]-<BOT STARTING WORK> ::log_cfg.def_log: start_log - log INFO
[2024-11-13 00:02:08,231]-<BOT STARTING WORK> ::log_cfg.def_log: start_log - log INFO
[2024-11-13 00:02:08,231]-<BOT STARTING WORK> ::log_cfg.def_log: start_log - log INFO
[2024-11-13 00:02:08,231]-<BOT STARTING WORK> ::log_cfg.def_log: start_log - log INFO
[2024-11-13 00:02:08,231]-<BOT STARTING WORK> ::log_cfg.def_log: start_log - log INFO
[2024-11-13 00:02:08,232]-<BOT STARTING WORK> ::log_cfg.def_log: start_log - log INFO
[2024-11-13 00:02:08,232]-<BOT STARTING WORK> ::log_cfg.def_log: start_log - log INFO
[2024-11-13 00:02:08,233]-<BOT STARTING WORK> ::log_cfg.def_log: start_log - log INFO
[2024-11-13 00:02:08,233]-<BOT STARTING WORK> ::log_cfg.def_log: start_log - log INFO
[2024-11-13 00:02:12,857]-<BOT STARTING WORK> ::log_cfg.def_log: start_log - log INFO
[2024-11-13 00:02:12,857]-<BOT STARTING WORK> ::log_cfg.def_log: start_log - log INFO
[2024-11-13 00:02:12,858]-<BOT STARTING WORK> ::log_cfg.def_log: start_log - log INFO
[2024-11-13 00:02:12,858]-<BOT STARTING WORK> ::log_cfg.def_log: start_log - log INFO
[2024-11-13 00:02:12,859]-<BOT STARTING WORK> ::log_cfg.def_log: start_log - log INFO
[2024-11-13 00:02:12,859]-<BOT STARTING WORK> ::log_cfg.def_log: start_log - log INFO
[2024-11-13 00:02:12,970]-<BOT STARTING WORK> ::log_cfg.def_log: start_log - log INFO
[2024-11-13 00:02:12,970]-<BOT STARTING WORK> ::log_cfg.def_log: start_log - log INFO
[2024-11-13 19:45:39,333]-<BOT STARTING WORK> ::log_cfg.def_log: start_log - log INFO
[2024-11-13 19:45:39,333]-<BOT STARTING WORK> ::log_cfg.def_log: start_log - log INFO
[2024-11-13 19:45:39,333]-<BOT STARTING WORK> ::log_cfg.def_log: user_new - ['Dlzxn', 321423432]
[2024-11-13 19:45:39,333]-<BOT STARTING WORK> ::log_cfg.def_log: user_new - ['Dlzxn', 321423432]
[2024-11-13 19:45:47,071]-<BOT STARTING WORK> ::log_cfg.def_log: start_log - log INFO
[2024-11-13 19:45:47,071]-<BOT STARTING WORK> ::log_cfg.def_log: start_log - log INFO
[2024-11-13 19:45:47,088]-<BOT STARTING WORK> ::log_cfg.def_log: start_log - log INFO
[2024-11-13 19:45:47,088]-<BOT STARTING WORK> ::log_cfg.def_log: start_log - log INFO
[2024-11-13 19:45:49,787]-<BOT STARTING WORK> ::log_cfg.def_log: start_log - log INFO
[2024-11-13 19:45:49,787]-<BOT STARTING WORK> ::log_cfg.def_log: start_log - log INFO
[2024-11-13 19:45:49,788]-<BOT STARTING WORK> ::log_cfg.def_log: start_log - log INFO
[2024-11-13 19:45:49,788]-<BOT STARTING WORK> ::log_cfg.def_log: start_log - log INFO
[2024-11-13 19:45:49,789]-<BOT STARTING WORK> ::log_cfg.def_log: start_log - log INFO
[2024-11-13 19:45:49,789]-<BOT STARTING WORK> ::log_cfg.def_log: start_log - log INFO
[2024-11-13 19:45:49,789]-<BOT STARTING WORK> ::log_cfg.def_log: start_log - log INFO
[2024-11-13 19:45:49,789]-<BOT STARTING WORK> ::log_cfg.def_log: start_log - log INFO
[2024-11-13 19:45:52,966]-<BOT STARTING WORK> ::log_cfg.def_log: start_log - log INFO
[2024-11-13 19:45:52,966]-<BOT STARTING WORK> ::log_cfg.def_log: start_log - log INFO
[2024-11-13 19:45:52,967]-<BOT STARTING WORK> ::log_cfg.def_log: start_log - log INFO
[2024-11-13 19:45:52,967]-<BOT STARTING WORK> ::log_cfg.def_log: start_log - log INFO
[2024-11-13 19:45:52,967]-<BOT STARTING WORK> ::log_cfg.def_log: start_log - log INFO
[2024-11-13 19:45:52,967]-<BOT STARTING WORK> ::log_cfg.def_log: start_log - log INFO
[2024-11-13 19:45:53,145]-<BOT STARTING WORK> ::log_cfg.def_log: start_log - log INFO
[2024-11-13 19:45:53,145]-<BOT STARTING WORK> ::log_cfg.def_log: start_log - log INFO
[2024-11-13 19:45:54,320]-<BOT STARTING WORK> ::log_cfg.def_log: start_log - log INFO
[2024-11-13 19:45:54,320]-<BOT STARTING WORK> ::log_cfg.def_log: start_log - log INFO
[2024-11-13 19:45:54,321]-<BOT STARTING WORK> ::log_cfg.def_log: start_log - log INFO
[2024-11-13 19:45:54,321]-<BOT STARTING WORK> ::log_cfg.def_log: start_log - log INFO
[2024-11-13 19:45:54,322]-<BOT STARTING WORK> ::log_cfg.def_log: start_log - log INFO
[2024-11-13 19:45:54,322]-<BOT STARTING WORK> ::log_cfg.def_log: start_log - log INFO
[2024-11-13 19:45:54,438]-<BOT STARTING WORK> ::log_cfg.def_log: start_log - log INFO
[2024-11-13 19:45:54,438]-<BOT STARTING WORK> ::log_cfg.def_log: start_log - log INFO
[2024-11-13 19:45:55,362]-<BOT STARTING WORK> ::log_cfg.def_log: start_log - log INFO
[2024-11-13 19:45:55,362]-<BOT STARTING WORK> ::log_cfg.def_log: start_log - log INFO
[2024-11-13 19:45:55,364]-<BOT STARTING WORK> ::log_cfg.def_log: start_log - log INFO
[2024-11-13 19:45:55,364]-<BOT STARTING WORK> ::log_cfg.def_log: start_log - log INFO
[2024-11-13 19:45:55,365]-<BOT STARTING WORK> ::log_cfg.def_log: start_log - log INFO
[2024-11-13 19:45:55,365]-<BOT STARTING WORK> ::log_cfg.def_log: start_log - log INFO
[2024-11-13 19:45:55,468]-<BOT STARTING WORK> ::log_cfg.def_log: start_log - log INFO
[2024-11-13 19:45:55,468]-<BOT STARTING WORK> ::log_cfg.def_log: start_log - log INFO
[2024-11-13 19:45:57,813]-<BOT STARTING WORK> ::log_cfg.def_log: start_log - log INFO
[2024-11-13 19:45:57,813]-<BOT STARTING WORK> ::log_cfg.def_log: start_log - log INFO
[2024-11-13 19:45:57,814]-<BOT STARTING WORK> ::log_cfg.def_log: start_log - log INFO
[2024-11-13 19:45:57,814]-<BOT STARTING WORK> ::log_cfg.def_log: start_log - log INFO
[2024-11-13 19:45:59,071]-<BOT STARTING WORK> ::log_cfg.def_log: start_log - log INFO
[2024-11-13 19:45:59,071]-<BOT STARTING WORK> ::log_cfg.def_log: start_log - log INFO
[2024-11-13 19:45:59,073]-<BOT STARTING WORK> ::log_cfg.def_log: start_log - log INFO
[2024-11-13 19:45:59,073]-<BOT STARTING WORK> ::log_cfg.def_log: start_log - log INFO
[2024-11-13 19:45:59,074]-<BOT STARTING WORK> ::log_cfg.def_log: start_log - log INFO
[2024-11-13 19:45:59,074]-<BOT STARTING WORK> ::log_cfg.def_log: start_log - log INFO
[2024-11-13 19:45:59,075]-<BOT STARTING WORK> ::log_cfg.def_log: start_log - log INFO
[2024-11-13 19:45:59,075]-<BOT STARTING WORK> ::log_cfg.def_log: start_log - log INFO
